Performing C SOURCE FILE Test CMAKE_HAVE_LIBC_PTHREAD failed with the following output:
Change Dir: /home/local.isima.fr/vicanhotod/TP_ros_ZZ3/ws_tp2/build/gmock/CMakeFiles/CMakeTmp

Run Build Command(s):/usr/bin/gmake cmTC_4d99e/fast && gmake[3] : on entre dans le répertoire « /home/local.isima.fr/vicanhotod/TP_ros_ZZ3/ws_tp2/build/gmock/CMakeFiles/CMakeTmp »
/usr/bin/gmake  -f CMakeFiles/cmTC_4d99e.dir/build.make CMakeFiles/cmTC_4d99e.dir/build
gmake[4] : on entre dans le répertoire « /home/local.isima.fr/vicanhotod/TP_ros_ZZ3/ws_tp2/build/gmock/CMakeFiles/CMakeTmp »
Building C object CMakeFiles/cmTC_4d99e.dir/src.c.o
/usr/bin/cc   -DCMAKE_HAVE_LIBC_PTHREAD -o CMakeFiles/cmTC_4d99e.dir/src.c.o -c /home/local.isima.fr/vicanhotod/TP_ros_ZZ3/ws_tp2/build/gmock/CMakeFiles/CMakeTmp/src.c
Linking C executable cmTC_4d99e
/usr/bin/cmake -E cmake_link_script CMakeFiles/cmTC_4d99e.dir/link.txt --verbose=1
/usr/bin/cc  -DCMAKE_HAVE_LIBC_PTHREAD -rdynamic CMakeFiles/cmTC_4d99e.dir/src.c.o -o cmTC_4d99e 
/usr/bin/ld : CMakeFiles/cmTC_4d99e.dir/src.c.o : dans la fonction « main » :
src.c:(.text+0x2f) : référence indéfinie vers « pthread_create »
/usr/bin/ld : src.c:(.text+0x3b) : référence indéfinie vers « pthread_detach »
/usr/bin/ld : src.c:(.text+0x47) : référence indéfinie vers « pthread_cancel »
/usr/bin/ld : src.c:(.text+0x58) : référence indéfinie vers « pthread_join »
collect2: error: ld returned 1 exit status
gmake[4]: *** [CMakeFiles/cmTC_4d99e.dir/build.make:106 : cmTC_4d99e] Erreur 1
gmake[4] : on quitte le répertoire « /home/local.isima.fr/vicanhotod/TP_ros_ZZ3/ws_tp2/build/gmock/CMakeFiles/CMakeTmp »
gmake[3]: *** [Makefile:140 : cmTC_4d99e/fast] Erreur 2
gmake[3] : on quitte le répertoire « /home/local.isima.fr/vicanhotod/TP_ros_ZZ3/ws_tp2/build/gmock/CMakeFiles/CMakeTmp »


Source file was:
#include <pthread.h>

void* test_func(void* data)
{
  return data;
}

int main(void)
{
  pthread_t thread;
  pthread_create(&thread, NULL, test_func, NULL);
  pthread_detach(thread);
  pthread_cancel(thread);
  pthread_join(thread, NULL);
  pthread_atfork(NULL, NULL, NULL);
  pthread_exit(NULL);

  return 0;
}

Determining if the function pthread_create exists in the pthreads failed with the following output:
Change Dir: /home/local.isima.fr/vicanhotod/TP_ros_ZZ3/ws_tp2/build/gmock/CMakeFiles/CMakeTmp

Run Build Command(s):/usr/bin/gmake cmTC_f93d9/fast && gmake[3] : on entre dans le répertoire « /home/local.isima.fr/vicanhotod/TP_ros_ZZ3/ws_tp2/build/gmock/CMakeFiles/CMakeTmp »
/usr/bin/gmake  -f CMakeFiles/cmTC_f93d9.dir/build.make CMakeFiles/cmTC_f93d9.dir/build
gmake[4] : on entre dans le répertoire « /home/local.isima.fr/vicanhotod/TP_ros_ZZ3/ws_tp2/build/gmock/CMakeFiles/CMakeTmp »
Building C object CMakeFiles/cmTC_f93d9.dir/CheckFunctionExists.c.o
/usr/bin/cc   -DCHECK_FUNCTION_EXISTS=pthread_create -o CMakeFiles/cmTC_f93d9.dir/CheckFunctionExists.c.o -c /usr/share/cmake-3.18/Modules/CheckFunctionExists.c
Linking C executable cmTC_f93d9
/usr/bin/cmake -E cmake_link_script CMakeFiles/cmTC_f93d9.dir/link.txt --verbose=1
/usr/bin/cc  -DCHECK_FUNCTION_EXISTS=pthread_create -rdynamic CMakeFiles/cmTC_f93d9.dir/CheckFunctionExists.c.o -o cmTC_f93d9  -lpthreads 
/usr/bin/ld : ne peut trouver -lpthreads
collect2: error: ld returned 1 exit status
gmake[4]: *** [CMakeFiles/cmTC_f93d9.dir/build.make:106 : cmTC_f93d9] Erreur 1
gmake[4] : on quitte le répertoire « /home/local.isima.fr/vicanhotod/TP_ros_ZZ3/ws_tp2/build/gmock/CMakeFiles/CMakeTmp »
gmake[3]: *** [Makefile:140 : cmTC_f93d9/fast] Erreur 2
gmake[3] : on quitte le répertoire « /home/local.isima.fr/vicanhotod/TP_ros_ZZ3/ws_tp2/build/gmock/CMakeFiles/CMakeTmp »



